C:\Users\caxul\AppData\Local\Packages\PythonSoftwareFoundation.Python.3.11_qbz5n2kfra8p0\LocalCache\local-packages\Python311\site-packages\pytest_asyncio\plugin.py:247: PytestDeprecationWarning: The configuration option "asyncio_default_fixture_loop_scope" is unset.
The event loop scope for asynchronous fixtures will default to the fixture caching scope. Future versions of pytest-asyncio will default the loop scope for asynchronous fixtures to function scope. Set the default fixture loop scope explicitly in order to avoid unexpected behavior in the future. Valid fixture loop scopes are: "function", "class", "module", "package", "session"

  warnings.warn(PytestDeprecationWarning(_DEFAULT_FIXTURE_LOOP_SCOPE_UNSET))
============================= test session starts =============================
platform win32 -- Python 3.11.9, pytest-8.3.2, pluggy-1.6.0 -- C:\Users\caxul\AppData\Local\Microsoft\WindowsApps\PythonSoftwareFoundation.Python.3.11_qbz5n2kfra8p0\python.exe
cachedir: .pytest_cache
rootdir: C:\Users\caxul\Builds Laboratorio del Dolor\TimeTracker\backend
configfile: pyproject.toml
testpaths: tests
plugins: anyio-4.11.0, langsmith-0.6.0, asyncio-1.3.0, cov-7.0.0
asyncio: mode=Mode.AUTO, debug=False, asyncio_default_fixture_loop_scope=None, asyncio_default_test_loop_scope=function
collecting ... collected 154 items

tests/test_account_requests.py::TestAccountRequestSubmission::test_submit_valid_request FAILED [  0%]
tests/test_account_requests.py::TestAccountRequestSubmission::test_submit_minimal_request FAILED [  1%]
tests/test_account_requests.py::TestAccountRequestSubmission::test_submit_duplicate_email ERROR [  1%]
tests/test_account_requests.py::TestAccountRequestSubmission::test_submit_duplicate_pending_request FAILED [  2%]
tests/test_account_requests.py::TestAccountRequestSubmission::test_submit_invalid_email PASSED [  3%]
tests/test_account_requests.py::TestAccountRequestSubmission::test_submit_missing_required_fields PASSED [  3%]
tests/test_account_requests.py::TestAccountRequestAdminEndpoints::test_list_requests_requires_admin ERROR [  4%]
tests/test_account_requests.py::TestAccountRequestAdminEndpoints::test_list_requests_as_admin 
